<?xml version="1.0" encoding="UTF-8"?>
<!-- Generated by org.testng.reporters.JUnitReportReporter -->
<testsuite hostname="DESKTOP-UCIG76A" failures="0" tests="1" name="testCases.TestPendingLeaveRequest" time="4.017" errors="0" timestamp="2022-07-21T17:46:05 IST" skipped="0">
  <testcase classname="testCases.TestPendingLeaveRequest" name="verifypendingRequest" time="4.017"/>
  <system-out/>
</testsuite> <!-- testCases.TestPendingLeaveRequest -->
